<?xml version="1.0" encoding="UTF-8"?>
<!-- Generated by org.testng.reporters.JUnitXMLReporter -->
<testsuite ignored="0" hostname="VENKATASAI" failures="0" tests="3" name="Ecommerce_Test" time="214.225" errors="0" timestamp="2021-09-23T14:50:00 IST">
  <testcase classname="org.inetbanking.tests.RegistrationTest" name="RegistrationTest" time="9.103"/>
  <testcase classname="org.inetbanking.tests.LoginTest" name="loginTest" time="23.189"/>
  <testcase classname="org.inetbanking.tests.LoginDDT" name="loginDDT" time="22.857"/>
</testsuite> <!-- Ecommerce_Test -->
