<?xml version="1.0" encoding="UTF-8"?>
<testsuite xmlns:xsi="http://www.w3.org/2001/XMLSchema-instance" xsi:noNamespaceSchemaLocation="https://maven.apache.org/surefire/maven-surefire-plugin/xsd/surefire-test-report-3.0.xsd" version="3.0" name="TestSuite" time="223.827" tests="3" errors="0" skipped="0" failures="0">
  <properties>
[...]
</properties>
  <testcase name="RegistrationTest" classname="org.inetbanking.tests.RegistrationTest" time="9.083">
    <system-out><![CDATA[ INFO [main] (RegistrationTest.java:18)- URL is accessed
 INFO [main] (RegistrationTest.java:22)- Clicked on Account Menu Link
]]></system-out>
    <system-err><![CDATA[SLF4J: Failed to load class "org.slf4j.impl.StaticLoggerBinder".
SLF4J: Defaulting to no-operation (NOP) logger implementation
SLF4J: See http://www.slf4j.org/codes.html#StaticLoggerBinder for further details.
Starting ChromeDriver 93.0.4577.63 (ff5c0da2ec0adeaed5550e6c7e98417dac77d98a-refs/branch-heads/4577@{#1135}) on port 37087
Only local connections are allowed.
Please see https://chromedriver.chromium.org/security-considerations for suggestions on keeping ChromeDriver safe.
ChromeDriver was started successfully.
Sep 23, 2021 2:48:41 PM org.openqa.selenium.remote.ProtocolHandshake createSession
INFO: Detected dialect: W3C
]]></system-err>
  </testcase>
  <testcase name="loginTest" classname="org.inetbanking.tests.LoginTest" time="23.161">
    <system-out><![CDATA[ INFO [main] (LoginTest.java:16)- URL is accessed
 INFO [main] (LoginTest.java:21)- Clicked on Account Menu Link
 INFO [main] (LoginTest.java:25)- Entered UserName
 INFO [main] (LoginTest.java:28)- Entered Password
 INFO [main] (LoginTest.java:31)- Clicked Submit button
 INFO [main] (LoginTest.java:34)- Clicked Logout button
]]></system-out>
    <system-err><![CDATA[Starting ChromeDriver 93.0.4577.63 (ff5c0da2ec0adeaed5550e6c7e98417dac77d98a-refs/branch-heads/4577@{#1135}) on port 31199
Only local connections are allowed.
Please see https://chromedriver.chromium.org/security-considerations for suggestions on keeping ChromeDriver safe.
ChromeDriver was started successfully.
Sep 23, 2021 2:48:57 PM org.openqa.selenium.remote.ProtocolHandshake createSession
INFO: Detected dialect: W3C
]]></system-err>
  </testcase>
  <testcase name="loginDDT[dummy, dummypwd](1)" classname="org.inetbanking.tests.LoginDDT" time="22.79">
    <system-out><![CDATA[ INFO [main] (LoginDDT.java:21)- URL is accessed
 INFO [main] (LoginDDT.java:25)- Clicked on Account Menu Link
 INFO [main] (LoginDDT.java:29)- Entered UserName
 INFO [main] (LoginDDT.java:32)- Entered Password
 INFO [main] (LoginDDT.java:35)- Clicked Submit button
 INFO [main] (LoginDDT.java:38)- Clicked Logout button
]]></system-out>
    <system-err><![CDATA[Starting ChromeDriver 93.0.4577.63 (ff5c0da2ec0adeaed5550e6c7e98417dac77d98a-refs/branch-heads/4577@{#1135}) on port 15634
Only local connections are allowed.
Please see https://chromedriver.chromium.org/security-considerations for suggestions on keeping ChromeDriver safe.
ChromeDriver was started successfully.
Sep 23, 2021 2:49:34 PM org.openqa.selenium.remote.ProtocolHandshake createSession
INFO: Detected dialect: W3C
]]></system-err>
  </testcase>
</testsuite>